Started: Fri Feb 18 23:21:32 EST 2022
[+] Loading zlib 1.2.11  ... 
[+] Loading gcc  10.2.0  ... 
[+] Loading libpng 1.6.37  ... 
[+] Loading libjpeg-turbo 2.0.6  ... 
[-] Unloading gcc  10.2.0  ... 
[+] Loading gcc  7.2.0  ... 
[+] Loading libtiff libraries v 4.0.9  ... 
[+] Loading openjpeg  2.3.1  ... 
[+] Loading SQLite 3.34.1  for gcc 4.8.5  ... 

CommandNotFoundError: Your shell has not been properly configured to use 'conda activate'.
To initialize your shell, run

    $ conda init <SHELL_NAME>

Currently supported shells are:
  - bash
  - fish
  - tcsh
  - xonsh
  - zsh
  - powershell

See 'conda init --help' for more information and options.

IMPORTANT: You may need to close and restart your shell after running 'conda init'.


Traceback (most recent call last):
  File "/home/weismanal/projects/idibell/links/clam_installation/repo/main.py", line 9, in <module>
    from utils.file_utils import save_pkl, load_pkl
ImportError: No module named utils.file_utils
Completed: Fri Feb 18 23:21:36 EST 2022
