
Load Dataset
label column: label
label dictionary: {'pole': 0, 'msi': 1, 'lcn': 2, 'p53': 3}
number of classes: 4
slide-level counts:  
 0    20
1    17
2    15
3    17
Name: label, dtype: int64
Patient-LVL; Number of samples registered in class 0: 20
Slide-LVL; Number of samples registered in class 0: 20
Patient-LVL; Number of samples registered in class 1: 17
Slide-LVL; Number of samples registered in class 1: 17
Patient-LVL; Number of samples registered in class 2: 15
Slide-LVL; Number of samples registered in class 2: 15
Patient-LVL; Number of samples registered in class 3: 17
Slide-LVL; Number of samples registered in class 3: 17
Traceback (most recent call last):
  File "/home/weismanal/projects/idibell/links/clam_installation/repo/main.py", line 203, in <module>
    os.mkdir(args.results_dir)
FileNotFoundError: [Errno 2] No such file or directory: '/home/weismanal/projects/idibell/repo/results/10x/bwh_resection/training'
