
exp_arguments
n_classes : 4
save_exp_code : HEATMAP_OUTPUT
raw_save_dir : /home/weismanal/notebook/2021-11-11/testing_clam/results/bwh_resection/heatmaps/heatmap_raw_results
production_save_dir : /home/weismanal/notebook/2021-11-11/testing_clam/results/bwh_resection/heatmaps/heatmap_production_results
batch_size : 384

data_arguments
data_dir : /home/weismanal/notebook/2021-11-11/testing_clam/data/
data_dir_key : source
process_list : data_labels.csv
preset : /home/weismanal/notebook/2021-11-10/testing_clam/repo/presets/bwh_resection.csv
slide_ext : .mrxs
label_dict : {'pole': 0, 'msi': 1, 'lcn': 2, 'p53': 3}

patching_arguments
patch_size : 256
overlap : 0.5
patch_level : 0
custom_downsample : 1

model_arguments
ckpt_path : /home/weismanal/notebook/2021-11-11/testing_clam/results/bwh_resection/training/idibell_CLAM_100_s1/s_4_checkpoint.pt
model_type : clam_sb
initiate_fn : initiate_model
model_size : small
drop_out : True

heatmap_arguments
vis_level : 1
alpha : 0.4
blank_canvas : False
save_orig : True
save_ext : jpg
use_ref_scores : True
blur : False
use_center_shift : True
use_roi : False
calc_heatmap : True
binarize : False
binary_thresh : -1
custom_downsample : 1
cmap : jet

sample_arguments
samples : [{'name': 'topk_high_attention', 'sample': True, 'seed': 1, 'k': 15, 'mode': 'topk'}]
Continue? Y/N patch_size: 256 x 256, with 0.50 overlap, step size is 128 x 128
Traceback (most recent call last):
  File "/home/weismanal/notebook/2021-11-10/testing_clam/repo/create_heatmaps.py", line 150, in <module>
    df = pd.read_csv(os.path.join('heatmaps/process_lists', data_args.process_list))
  File "/data/weismanal/miniconda3/envs/clam/lib/python3.7/site-packages/pandas/io/parsers.py", line 685, in parser_f
    return _read(filepath_or_buffer, kwds)
  File "/data/weismanal/miniconda3/envs/clam/lib/python3.7/site-packages/pandas/io/parsers.py", line 457, in _read
    parser = TextFileReader(fp_or_buf, **kwds)
  File "/data/weismanal/miniconda3/envs/clam/lib/python3.7/site-packages/pandas/io/parsers.py", line 895, in __init__
    self._make_engine(self.engine)
  File "/data/weismanal/miniconda3/envs/clam/lib/python3.7/site-packages/pandas/io/parsers.py", line 1135, in _make_engine
    self._engine = CParserWrapper(self.f, **self.options)
  File "/data/weismanal/miniconda3/envs/clam/lib/python3.7/site-packages/pandas/io/parsers.py", line 1917, in __init__
    self._reader = parsers.TextReader(src, **kwds)
  File "pandas/_libs/parsers.pyx", line 382, in pandas._libs.parsers.TextReader.__cinit__
  File "pandas/_libs/parsers.pyx", line 689, in pandas._libs.parsers.TextReader._setup_parser_source
FileNotFoundError: [Errno 2] File b'heatmaps/process_lists/data_labels.csv' does not exist: b'heatmaps/process_lists/data_labels.csv'
